<?xml version="1.0" encoding="UTF-8"?>
<testsuites>
  <testsuite name="Buildings_pages" timestamp="2020-01-27T18:11:12" time="4.021" tests="0" failures="0" errors="0" skipped="0">
    <properties>
      <property name="specId" value="9f7d5718f50e150252c05df61c1084d6"/>
      <property name="suiteName" value="Buildings pages: "/>
      <property name="capabilities" value="chrome"/>
      <property name="file" value="./tests/specs/departmenthistory/prod_buildings_titles.spec.js"/>
    </properties>
  </testsuite>
  <testsuite name="Each_Buildings_subpage_should_be_displayed_and_subsequently" timestamp="2020-01-27T18:11:12" time="4.021" tests="6" failures="0" errors="0" skipped="0">
    <properties>
      <property name="specId" value="9f7d5718f50e150252c05df61c1084d6"/>
      <property name="suiteName" value="Each &quot;Buildings&quot; subpage should be displayed and subsequently"/>
      <property name="capabilities" value="chrome"/>
      <property name="file" value="./tests/specs/departmenthistory/prod_buildings_titles.spec.js"/>
    </properties>
    <testcase classname="chrome.Each_Buildings_subpage_should_be_displayed_and_subsequently" name="should_display_the_headline_Buildings_of_the_Department_of_State" time="1.325">
      <system-out>
        <![CDATA[
COMMAND: POST http://127.0.0.1:9515/session/5f8c261254e53c0f01f0328bbac2d0f8/url - {"url":"http://localhost:8080/exist/apps/hsg-shell/departmenthistory/buildings"}
RESULT: {"sessionId":"5f8c261254e53c0f01f0328bbac2d0f8","status":0,"value":null}
COMMAND: POST http://127.0.0.1:9515/session/5f8c261254e53c0f01f0328bbac2d0f8/element - {"using":"css selector","value":"#content-inner h1"}
RESULT: {"sessionId":"5f8c261254e53c0f01f0328bbac2d0f8","status":0,"value":{"ELEMENT":"0.07496489817599872-1"}}
COMMAND: GET http://127.0.0.1:9515/session/5f8c261254e53c0f01f0328bbac2d0f8/element/0.07496489817599872-1/text - {}
RESULT: {"sessionId":"5f8c261254e53c0f01f0328bbac2d0f8","status":0,"value":"Buildings of the Department of State"}
]]>
      </system-out>
    </testcase>
    <testcase classname="chrome.Each_Buildings_subpage_should_be_displayed_and_subsequently" name="should_display_the_headline_Introduction" time="0.634">
      <system-out>
        <![CDATA[
COMMAND: POST http://127.0.0.1:9515/session/5f8c261254e53c0f01f0328bbac2d0f8/url - {"url":"http://localhost:8080/exist/apps/hsg-shell/departmenthistory/buildings/intro"}
RESULT: {"sessionId":"5f8c261254e53c0f01f0328bbac2d0f8","status":0,"value":null}
COMMAND: POST http://127.0.0.1:9515/session/5f8c261254e53c0f01f0328bbac2d0f8/element - {"using":"css selector","value":"#content-inner h1"}
RESULT: {"sessionId":"5f8c261254e53c0f01f0328bbac2d0f8","status":0,"value":{"ELEMENT":"0.5706351940778764-1"}}
COMMAND: GET http://127.0.0.1:9515/session/5f8c261254e53c0f01f0328bbac2d0f8/element/0.5706351940778764-1/text - {}
RESULT: {"sessionId":"5f8c261254e53c0f01f0328bbac2d0f8","status":0,"value":"Introduction"}
]]>
      </system-out>
    </testcase>
    <testcase classname="chrome.Each_Buildings_subpage_should_be_displayed_and_subsequently" name="should_display_the_headline_Original_Foreword" time="0.47">
      <system-out>
        <![CDATA[
COMMAND: POST http://127.0.0.1:9515/session/5f8c261254e53c0f01f0328bbac2d0f8/url - {"url":"http://localhost:8080/exist/apps/hsg-shell/departmenthistory/buildings/foreword"}
RESULT: {"sessionId":"5f8c261254e53c0f01f0328bbac2d0f8","status":0,"value":null}
COMMAND: POST http://127.0.0.1:9515/session/5f8c261254e53c0f01f0328bbac2d0f8/element - {"using":"css selector","value":"#content-inner h1"}
RESULT: {"sessionId":"5f8c261254e53c0f01f0328bbac2d0f8","status":0,"value":{"ELEMENT":"0.6111334947887703-1"}}
COMMAND: GET http://127.0.0.1:9515/session/5f8c261254e53c0f01f0328bbac2d0f8/element/0.6111334947887703-1/text - {}
RESULT: {"sessionId":"5f8c261254e53c0f01f0328bbac2d0f8","status":0,"value":"Original Foreword"}
]]>
      </system-out>
    </testcase>
    <testcase classname="chrome.Each_Buildings_subpage_should_be_displayed_and_subsequently" name="should_display_the_headline_The_Period_of_the_Continental_Congress" time="0.515">
      <system-out>
        <![CDATA[
COMMAND: POST http://127.0.0.1:9515/session/5f8c261254e53c0f01f0328bbac2d0f8/url - {"url":"http://localhost:8080/exist/apps/hsg-shell/departmenthistory/buildings/section1"}
RESULT: {"sessionId":"5f8c261254e53c0f01f0328bbac2d0f8","status":0,"value":null}
COMMAND: POST http://127.0.0.1:9515/session/5f8c261254e53c0f01f0328bbac2d0f8/element - {"using":"css selector","value":"#content-inner h1"}
RESULT: {"sessionId":"5f8c261254e53c0f01f0328bbac2d0f8","status":0,"value":{"ELEMENT":"0.16200589404331245-1"}}
COMMAND: GET http://127.0.0.1:9515/session/5f8c261254e53c0f01f0328bbac2d0f8/element/0.16200589404331245-1/text - {}
RESULT: {"sessionId":"5f8c261254e53c0f01f0328bbac2d0f8","status":0,"value":"The Period of the Continental Congress"}
]]>
      </system-out>
    </testcase>
    <testcase classname="chrome.Each_Buildings_subpage_should_be_displayed_and_subsequently" name="should_display_the_headline_Carpenters_Hall_Philadelphia_Sept_5_1774_Oct_26_1774" time="0.533">
      <system-out>
        <![CDATA[
COMMAND: POST http://127.0.0.1:9515/session/5f8c261254e53c0f01f0328bbac2d0f8/url - {"url":"http://localhost:8080/exist/apps/hsg-shell/departmenthistory/buildings/section2"}
RESULT: {"sessionId":"5f8c261254e53c0f01f0328bbac2d0f8","status":0,"value":null}
COMMAND: POST http://127.0.0.1:9515/session/5f8c261254e53c0f01f0328bbac2d0f8/element - {"using":"css selector","value":"#content-inner h1"}
RESULT: {"sessionId":"5f8c261254e53c0f01f0328bbac2d0f8","status":0,"value":{"ELEMENT":"0.4435313375566763-1"}}
COMMAND: GET http://127.0.0.1:9515/session/5f8c261254e53c0f01f0328bbac2d0f8/element/0.4435313375566763-1/text - {}
RESULT: {"sessionId":"5f8c261254e53c0f01f0328bbac2d0f8","status":0,"value":"Carpenters' Hall, Philadelphia\nSept. 5, 1774—Oct. 26, 1774"}
]]>
      </system-out>
    </testcase>
    <testcase classname="chrome.Each_Buildings_subpage_should_be_displayed_and_subsequently" name="should_display_the_headline_Pennsylvania_State_House_Independence_Hall_Philadelphia_Intermittingly_from_May_10_1775_to_March_1_1781" time="0.54">
      <system-out>
        <![CDATA[
COMMAND: POST http://127.0.0.1:9515/session/5f8c261254e53c0f01f0328bbac2d0f8/url - {"url":"http://localhost:8080/exist/apps/hsg-shell/departmenthistory/buildings/section3"}
RESULT: {"sessionId":"5f8c261254e53c0f01f0328bbac2d0f8","status":0,"value":null}
COMMAND: POST http://127.0.0.1:9515/session/5f8c261254e53c0f01f0328bbac2d0f8/element - {"using":"css selector","value":"#content-inner h1"}
RESULT: {"sessionId":"5f8c261254e53c0f01f0328bbac2d0f8","status":0,"value":{"ELEMENT":"0.8733519352015044-1"}}
COMMAND: GET http://127.0.0.1:9515/session/5f8c261254e53c0f01f0328bbac2d0f8/element/0.8733519352015044-1/text - {}
RESULT: {"sessionId":"5f8c261254e53c0f01f0328bbac2d0f8","status":0,"value":"Pennsylvania State House (Independence Hall), Philadelphia\nIntermittingly from May 10, 1775 to March 1, 1781"}
COMMAND: DELETE http://127.0.0.1:9515/session/5f8c261254e53c0f01f0328bbac2d0f8 - {}
RESULT: {"sessionId":"5f8c261254e53c0f01f0328bbac2d0f8","status":0,"value":null}
]]>
      </system-out>
    </testcase>
  </testsuite>
</testsuites>