<?xml version="1.0" encoding="UTF-8"?>
<testsuites>
  <testsuite name="FRUS_landing_page_The_first_3_tiles" timestamp="2020-01-27T18:11:48" time="1.659" tests="1" failures="0" errors="0" skipped="0">
    <properties>
      <property name="specId" value="cb5811ce18dade5efbc1fc863c049885"/>
      <property name="suiteName" value="FRUS landing page: The first 3 tiles"/>
      <property name="capabilities" value="chrome"/>
      <property name="file" value="./tests/specs/historical-documents/prod_frus_landing.spec.js"/>
    </properties>
    <testcase classname="chrome.FRUS_landing_page_The_first_3_tiles" name="should_each_contain_an_image" time="0.065">
      <system-out>
        <![CDATA[
COMMAND: POST http://127.0.0.1:9515/session/599753cfc8681a59fe5a2cff241c19cd/elements - {"using":"css selector","value":"#content-inner div article:nth-child(1) a img"}
RESULT: {"sessionId":"599753cfc8681a59fe5a2cff241c19cd","status":0,"value":[{"ELEMENT":"0.10468606893409582-1"}]}
COMMAND: GET http://127.0.0.1:9515/session/599753cfc8681a59fe5a2cff241c19cd/element/0.10468606893409582-1/attribute/src - {}
RESULT: {"sessionId":"599753cfc8681a59fe5a2cff241c19cd","status":0,"value":"https://static.history.state.gov/images/alincoln.jpg"}
COMMAND: POST http://127.0.0.1:9515/session/599753cfc8681a59fe5a2cff241c19cd/elements - {"using":"css selector","value":"#content-inner div article:nth-child(2) a img"}
RESULT: {"sessionId":"599753cfc8681a59fe5a2cff241c19cd","status":0,"value":[{"ELEMENT":"0.10468606893409582-2"}]}
COMMAND: GET http://127.0.0.1:9515/session/599753cfc8681a59fe5a2cff241c19cd/element/0.10468606893409582-2/attribute/src - {}
RESULT: {"sessionId":"599753cfc8681a59fe5a2cff241c19cd","status":0,"value":"https://static.history.state.gov/images/ajohnson.jpg"}
COMMAND: POST http://127.0.0.1:9515/session/599753cfc8681a59fe5a2cff241c19cd/elements - {"using":"css selector","value":"#content-inner div article:nth-child(3) a img"}
RESULT: {"sessionId":"599753cfc8681a59fe5a2cff241c19cd","status":0,"value":[{"ELEMENT":"0.10468606893409582-3"}]}
COMMAND: GET http://127.0.0.1:9515/session/599753cfc8681a59fe5a2cff241c19cd/element/0.10468606893409582-3/attribute/src - {}
RESULT: {"sessionId":"599753cfc8681a59fe5a2cff241c19cd","status":0,"value":"https://static.history.state.gov/images/usgrant.jpg"}
COMMAND: DELETE http://127.0.0.1:9515/session/599753cfc8681a59fe5a2cff241c19cd - {}
RESULT: {"sessionId":"599753cfc8681a59fe5a2cff241c19cd","status":0,"value":null}
]]>
      </system-out>
    </testcase>
  </testsuite>
</testsuites>