<?xml version="1.0" encoding="UTF-8"?>
<testsuites>
  <testsuite name="Countries_pages" timestamp="2020-01-27T18:11:07" time="3.113" tests="0" failures="0" errors="0" skipped="0">
    <properties>
      <property name="specId" value="e95311eae0d860d8f6d43bfb1fab01a6"/>
      <property name="suiteName" value="Countries pages: "/>
      <property name="capabilities" value="chrome"/>
      <property name="file" value="./tests/specs/countries/prod_countries_titles.spec.js"/>
    </properties>
  </testsuite>
  <testsuite name="Each_Countries_subpage_should_be_displayed_and_subsequently" timestamp="2020-01-27T18:11:07" time="3.106" tests="6" failures="0" errors="0" skipped="0">
    <properties>
      <property name="specId" value="e95311eae0d860d8f6d43bfb1fab01a6"/>
      <property name="suiteName" value="Each Countries subpage should be displayed and subsequently"/>
      <property name="capabilities" value="chrome"/>
      <property name="file" value="./tests/specs/countries/prod_countries_titles.spec.js"/>
    </properties>
    <testcase classname="chrome.Each_Countries_subpage_should_be_displayed_and_subsequently" name="should_display_the_headline_Countries" time="1.491">
      <system-out>
        <![CDATA[
COMMAND: POST http://127.0.0.1:9515/session/2a24881500bc029ebe8f6829f603bb45/url - {"url":"http://localhost:8080/exist/apps/hsg-shell/countries"}
RESULT: {"sessionId":"2a24881500bc029ebe8f6829f603bb45","status":0,"value":null}
COMMAND: POST http://127.0.0.1:9515/session/2a24881500bc029ebe8f6829f603bb45/element - {"using":"css selector","value":"#content-inner h1"}
RESULT: {"sessionId":"2a24881500bc029ebe8f6829f603bb45","status":0,"value":{"ELEMENT":"0.023659152781347448-1"}}
COMMAND: GET http://127.0.0.1:9515/session/2a24881500bc029ebe8f6829f603bb45/element/0.023659152781347448-1/text - {}
RESULT: {"sessionId":"2a24881500bc029ebe8f6829f603bb45","status":0,"value":"Countries"}
]]>
      </system-out>
    </testcase>
    <testcase classname="chrome.Each_Countries_subpage_should_be_displayed_and_subsequently" name="should_display_the_headline_World_Wide_Diplomatic_Archives_Index" time="0.275">
      <system-out>
        <![CDATA[
COMMAND: POST http://127.0.0.1:9515/session/2a24881500bc029ebe8f6829f603bb45/url - {"url":"http://localhost:8080/exist/apps/hsg-shell/countries/archives"}
RESULT: {"sessionId":"2a24881500bc029ebe8f6829f603bb45","status":0,"value":null}
COMMAND: POST http://127.0.0.1:9515/session/2a24881500bc029ebe8f6829f603bb45/element - {"using":"css selector","value":"#content-inner h1"}
RESULT: {"sessionId":"2a24881500bc029ebe8f6829f603bb45","status":0,"value":{"ELEMENT":"0.5298126817364066-1"}}
COMMAND: GET http://127.0.0.1:9515/session/2a24881500bc029ebe8f6829f603bb45/element/0.5298126817364066-1/text - {}
RESULT: {"sessionId":"2a24881500bc029ebe8f6829f603bb45","status":0,"value":"World Wide Diplomatic Archives Index"}
]]>
      </system-out>
    </testcase>
    <testcase classname="chrome.Each_Countries_subpage_should_be_displayed_and_subsequently" name="should_display_the_headline_All_Countries" time="0.445">
      <system-out>
        <![CDATA[
COMMAND: POST http://127.0.0.1:9515/session/2a24881500bc029ebe8f6829f603bb45/url - {"url":"http://localhost:8080/exist/apps/hsg-shell/countries/archives/all"}
RESULT: {"sessionId":"2a24881500bc029ebe8f6829f603bb45","status":0,"value":null}
COMMAND: POST http://127.0.0.1:9515/session/2a24881500bc029ebe8f6829f603bb45/element - {"using":"css selector","value":"#content-inner h1"}
RESULT: {"sessionId":"2a24881500bc029ebe8f6829f603bb45","status":0,"value":{"ELEMENT":"0.4816848969760976-1"}}
COMMAND: GET http://127.0.0.1:9515/session/2a24881500bc029ebe8f6829f603bb45/element/0.4816848969760976-1/text - {}
RESULT: {"sessionId":"2a24881500bc029ebe8f6829f603bb45","status":0,"value":"All Countries"}
]]>
      </system-out>
    </testcase>
    <testcase classname="chrome.Each_Countries_subpage_should_be_displayed_and_subsequently" name="should_display_the_headline_World_Wide_Diplomatic_Archives_Index_Afghanistan" time="0.318">
      <system-out>
        <![CDATA[
COMMAND: POST http://127.0.0.1:9515/session/2a24881500bc029ebe8f6829f603bb45/url - {"url":"http://localhost:8080/exist/apps/hsg-shell/countries/archives/afghanistan"}
RESULT: {"sessionId":"2a24881500bc029ebe8f6829f603bb45","status":0,"value":null}
COMMAND: POST http://127.0.0.1:9515/session/2a24881500bc029ebe8f6829f603bb45/element - {"using":"css selector","value":"#content-inner h1"}
RESULT: {"sessionId":"2a24881500bc029ebe8f6829f603bb45","status":0,"value":{"ELEMENT":"0.3761624527895939-1"}}
COMMAND: GET http://127.0.0.1:9515/session/2a24881500bc029ebe8f6829f603bb45/element/0.3761624527895939-1/text - {}
RESULT: {"sessionId":"2a24881500bc029ebe8f6829f603bb45","status":0,"value":"World Wide Diplomatic Archives Index: Afghanistan"}
]]>
      </system-out>
    </testcase>
    <testcase classname="chrome.Each_Countries_subpage_should_be_displayed_and_subsequently" name="should_display_the_headline_World_Wide_Diplomatic_Archives_Index_Bahamas" time="0.28">
      <system-out>
        <![CDATA[
COMMAND: POST http://127.0.0.1:9515/session/2a24881500bc029ebe8f6829f603bb45/url - {"url":"http://localhost:8080/exist/apps/hsg-shell/countries/archives/bahamas"}
RESULT: {"sessionId":"2a24881500bc029ebe8f6829f603bb45","status":0,"value":null}
COMMAND: POST http://127.0.0.1:9515/session/2a24881500bc029ebe8f6829f603bb45/element - {"using":"css selector","value":"#content-inner h1"}
RESULT: {"sessionId":"2a24881500bc029ebe8f6829f603bb45","status":0,"value":{"ELEMENT":"0.1864978605349572-1"}}
COMMAND: GET http://127.0.0.1:9515/session/2a24881500bc029ebe8f6829f603bb45/element/0.1864978605349572-1/text - {}
RESULT: {"sessionId":"2a24881500bc029ebe8f6829f603bb45","status":0,"value":"World Wide Diplomatic Archives Index: Bahamas"}
]]>
      </system-out>
    </testcase>
    <testcase classname="chrome.Each_Countries_subpage_should_be_displayed_and_subsequently" name="should_display_the_headline_World_Wide_Diplomatic_Archives_Index_Zimbabwe" time="0.291">
      <system-out>
        <![CDATA[
COMMAND: POST http://127.0.0.1:9515/session/2a24881500bc029ebe8f6829f603bb45/url - {"url":"http://localhost:8080/exist/apps/hsg-shell/countries/archives/zimbabwe"}
RESULT: {"sessionId":"2a24881500bc029ebe8f6829f603bb45","status":0,"value":null}
COMMAND: POST http://127.0.0.1:9515/session/2a24881500bc029ebe8f6829f603bb45/element - {"using":"css selector","value":"#content-inner h1"}
RESULT: {"sessionId":"2a24881500bc029ebe8f6829f603bb45","status":0,"value":{"ELEMENT":"0.1881217266937838-1"}}
COMMAND: GET http://127.0.0.1:9515/session/2a24881500bc029ebe8f6829f603bb45/element/0.1881217266937838-1/text - {}
RESULT: {"sessionId":"2a24881500bc029ebe8f6829f603bb45","status":0,"value":"World Wide Diplomatic Archives Index: Zimbabwe"}
COMMAND: DELETE http://127.0.0.1:9515/session/2a24881500bc029ebe8f6829f603bb45 - {}
RESULT: {"sessionId":"2a24881500bc029ebe8f6829f603bb45","status":0,"value":null}
]]>
      </system-out>
    </testcase>
  </testsuite>
</testsuites>