<?xml version="1.0" encoding="UTF-8"?>
<testsuites>
  <testsuite name="Milestones_chapter_and_their_sub_pages" timestamp="2020-01-27T18:12:07" time="1.224" tests="1" failures="0" errors="0" skipped="0">
    <properties>
      <property name="specId" value="b5eb03ecfc93e15356bde7396d982174"/>
      <property name="suiteName" value="Milestones chapter- and their sub pages: "/>
      <property name="capabilities" value="chrome"/>
      <property name="file" value="./tests/specs/milestones/prod_milestones_chapter.spec.js"/>
    </properties>
    <testcase classname="chrome.Milestones_chapter_and_their_sub_pages" name="should_display_a_red_alert_note_to_readers" time="1.221">
      <system-out>
        <![CDATA[
COMMAND: POST http://127.0.0.1:9515/session/29b29761ab212a6202383f5fab6c6f51/url - {"url":"http://localhost:8080/exist/apps/hsg-shell/milestones/1750-1775/parliamentary-taxation"}
RESULT: {"sessionId":"29b29761ab212a6202383f5fab6c6f51","status":0,"value":null}
COMMAND: POST http://127.0.0.1:9515/session/29b29761ab212a6202383f5fab6c6f51/element - {"using":"css selector","value":"#content-inner div.alert.alert-danger"}
RESULT: {"sessionId":"29b29761ab212a6202383f5fab6c6f51","status":0,"value":{"ELEMENT":"0.035021286656214956-1"}}
COMMAND: POST http://127.0.0.1:9515/session/29b29761ab212a6202383f5fab6c6f51/elements - {"using":"css selector","value":"#content-inner div.alert.alert-danger"}
RESULT: {"sessionId":"29b29761ab212a6202383f5fab6c6f51","status":0,"value":[{"ELEMENT":"0.035021286656214956-1"}]}
COMMAND: GET http://127.0.0.1:9515/session/29b29761ab212a6202383f5fab6c6f51/element/0.035021286656214956-1/css/color - {}
RESULT: {"sessionId":"29b29761ab212a6202383f5fab6c6f51","status":0,"value":"rgba(169, 68, 66, 1)"}
COMMAND: DELETE http://127.0.0.1:9515/session/29b29761ab212a6202383f5fab6c6f51 - {}
RESULT: {"sessionId":"29b29761ab212a6202383f5fab6c6f51","status":0,"value":null}
]]>
      </system-out>
    </testcase>
  </testsuite>
</testsuites>