<?xml version="1.0" encoding="UTF-8"?>
<testsuites>
  <testsuite name="The_twitter_section_on_the_landing_page" timestamp="2020-01-27T18:12:03" time="1.176" tests="1" failures="0" errors="0" skipped="0">
    <properties>
      <property name="specId" value="19b2cde4a71a33c8b29a3ccb39332776"/>
      <property name="suiteName" value="The twitter section on the landing page"/>
      <property name="capabilities" value="chrome"/>
      <property name="file" value="./tests/specs/landing/prod_landing_twitter.spec.js"/>
    </properties>
    <testcase classname="chrome.The_twitter_section_on_the_landing_page" name="should_display_at_least_one_twitter_post" time="1.175">
      <system-out>
        <![CDATA[
COMMAND: POST http://127.0.0.1:9515/session/84d0808a05d88800897741e51e55cffc/url - {"url":"http://localhost:8080/exist/apps/hsg-shell/"}
RESULT: {"sessionId":"84d0808a05d88800897741e51e55cffc","status":0,"value":null}
COMMAND: POST http://127.0.0.1:9515/session/84d0808a05d88800897741e51e55cffc/element - {"using":"css selector","value":"post-list .post:last-child p"}
RESULT: {"message":"no such element: Unable to locate element: {\"method\":\"css selector\",\"selector\":\"post-list .post:last-child p\"}","type":"RuntimeError","seleniumStack":{"type":"NoSuchElement","message":"An element could not be located on the page using the given search parameters.","orgStatusMessage":"no such element: Unable to locate element: {\"method\":\"css selector\",\"selector\":\"post-list .post:last-child p\"}\n  (Session info: chrome=79.0.3945.130)\n  (Driver info: chromedriver=2.38.552518 (183d19265345f54ce39cbb94cf81ba5f15905011),platform=Mac OS X 10.14.6 x86_64)"}}
COMMAND: DELETE http://127.0.0.1:9515/session/84d0808a05d88800897741e51e55cffc - {}
RESULT: {"sessionId":"84d0808a05d88800897741e51e55cffc","status":0,"value":null}
]]>
      </system-out>
    </testcase>
  </testsuite>
</testsuites>