<?xml version="1.0" encoding="UTF-8"?>
<testsuites>
  <testsuite name="Tags_pages" timestamp="2020-01-27T18:13:56" time="3.858" tests="0" failures="0" errors="0" skipped="0">
    <properties>
      <property name="specId" value="ef207b1b05671b344c85aeaf111c7d7f"/>
      <property name="suiteName" value="Tags pages: "/>
      <property name="capabilities" value="chrome"/>
      <property name="file" value="./tests/specs/tags/prod_tags.spec.js"/>
    </properties>
  </testsuite>
  <testsuite name="Each_Tags_subpage_should_be_displayed_and_subsequently" timestamp="2020-01-27T18:13:56" time="3.857" tests="9" failures="0" errors="0" skipped="0">
    <properties>
      <property name="specId" value="ef207b1b05671b344c85aeaf111c7d7f"/>
      <property name="suiteName" value="Each &quot;Tags&quot; subpage should be displayed and subsequently"/>
      <property name="capabilities" value="chrome"/>
      <property name="file" value="./tests/specs/tags/prod_tags.spec.js"/>
    </properties>
    <testcase classname="chrome.Each_Tags_subpage_should_be_displayed_and_subsequently" name="should_display_the_headline_Tags" time="0.972">
      <system-out>
        <![CDATA[
COMMAND: POST http://127.0.0.1:9515/session/9acebe68de3dae2f475516f110d4d1a5/url - {"url":"http://localhost:8080/exist/apps/hsg-shell/tags"}
RESULT: {"sessionId":"9acebe68de3dae2f475516f110d4d1a5","status":0,"value":null}
COMMAND: POST http://127.0.0.1:9515/session/9acebe68de3dae2f475516f110d4d1a5/element - {"using":"css selector","value":"#content-inner h1"}
RESULT: {"sessionId":"9acebe68de3dae2f475516f110d4d1a5","status":0,"value":{"ELEMENT":"0.06444587575602534-1"}}
COMMAND: GET http://127.0.0.1:9515/session/9acebe68de3dae2f475516f110d4d1a5/element/0.06444587575602534-1/text - {}
RESULT: {"sessionId":"9acebe68de3dae2f475516f110d4d1a5","status":0,"value":"Tags"}
]]>
      </system-out>
    </testcase>
    <testcase classname="chrome.Each_Tags_subpage_should_be_displayed_and_subsequently" name="should_display_the_headline_People" time="0.331">
      <system-out>
        <![CDATA[
COMMAND: POST http://127.0.0.1:9515/session/9acebe68de3dae2f475516f110d4d1a5/url - {"url":"http://localhost:8080/exist/apps/hsg-shell/tags/people"}
RESULT: {"sessionId":"9acebe68de3dae2f475516f110d4d1a5","status":0,"value":null}
COMMAND: POST http://127.0.0.1:9515/session/9acebe68de3dae2f475516f110d4d1a5/element - {"using":"css selector","value":"#content-inner h2"}
RESULT: {"sessionId":"9acebe68de3dae2f475516f110d4d1a5","status":0,"value":{"ELEMENT":"0.6603703219979653-1"}}
COMMAND: GET http://127.0.0.1:9515/session/9acebe68de3dae2f475516f110d4d1a5/element/0.6603703219979653-1/text - {}
RESULT: {"sessionId":"9acebe68de3dae2f475516f110d4d1a5","status":0,"value":"People"}
]]>
      </system-out>
    </testcase>
    <testcase classname="chrome.Each_Tags_subpage_should_be_displayed_and_subsequently" name="should_display_the_headline_Places" time="0.717">
      <system-out>
        <![CDATA[
COMMAND: POST http://127.0.0.1:9515/session/9acebe68de3dae2f475516f110d4d1a5/url - {"url":"http://localhost:8080/exist/apps/hsg-shell/tags/places"}
RESULT: {"sessionId":"9acebe68de3dae2f475516f110d4d1a5","status":0,"value":null}
COMMAND: POST http://127.0.0.1:9515/session/9acebe68de3dae2f475516f110d4d1a5/element - {"using":"css selector","value":"#content-inner h2"}
RESULT: {"sessionId":"9acebe68de3dae2f475516f110d4d1a5","status":0,"value":{"ELEMENT":"0.7535603656169285-1"}}
COMMAND: GET http://127.0.0.1:9515/session/9acebe68de3dae2f475516f110d4d1a5/element/0.7535603656169285-1/text - {}
RESULT: {"sessionId":"9acebe68de3dae2f475516f110d4d1a5","status":0,"value":"Places"}
]]>
      </system-out>
    </testcase>
    <testcase classname="chrome.Each_Tags_subpage_should_be_displayed_and_subsequently" name="should_display_the_headline_Topics" time="0.356">
      <system-out>
        <![CDATA[
COMMAND: POST http://127.0.0.1:9515/session/9acebe68de3dae2f475516f110d4d1a5/url - {"url":"http://localhost:8080/exist/apps/hsg-shell/tags/topics"}
RESULT: {"sessionId":"9acebe68de3dae2f475516f110d4d1a5","status":0,"value":null}
COMMAND: POST http://127.0.0.1:9515/session/9acebe68de3dae2f475516f110d4d1a5/element - {"using":"css selector","value":"#content-inner h2"}
RESULT: {"sessionId":"9acebe68de3dae2f475516f110d4d1a5","status":0,"value":{"ELEMENT":"0.3398266575944682-1"}}
COMMAND: GET http://127.0.0.1:9515/session/9acebe68de3dae2f475516f110d4d1a5/element/0.3398266575944682-1/text - {}
RESULT: {"sessionId":"9acebe68de3dae2f475516f110d4d1a5","status":0,"value":"Topics"}
]]>
      </system-out>
    </testcase>
    <testcase classname="chrome.Each_Tags_subpage_should_be_displayed_and_subsequently" name="should_display_the_headline_Presidents" time="0.259">
      <system-out>
        <![CDATA[
COMMAND: POST http://127.0.0.1:9515/session/9acebe68de3dae2f475516f110d4d1a5/url - {"url":"http://localhost:8080/exist/apps/hsg-shell/tags/presidents"}
RESULT: {"sessionId":"9acebe68de3dae2f475516f110d4d1a5","status":0,"value":null}
COMMAND: POST http://127.0.0.1:9515/session/9acebe68de3dae2f475516f110d4d1a5/element - {"using":"css selector","value":"#content-inner h2"}
RESULT: {"sessionId":"9acebe68de3dae2f475516f110d4d1a5","status":0,"value":{"ELEMENT":"0.8974496959315235-1"}}
COMMAND: GET http://127.0.0.1:9515/session/9acebe68de3dae2f475516f110d4d1a5/element/0.8974496959315235-1/text - {}
RESULT: {"sessionId":"9acebe68de3dae2f475516f110d4d1a5","status":0,"value":"Presidents"}
]]>
      </system-out>
    </testcase>
    <testcase classname="chrome.Each_Tags_subpage_should_be_displayed_and_subsequently" name="should_display_the_headline_All_Tags" time="0.462">
      <system-out>
        <![CDATA[
COMMAND: POST http://127.0.0.1:9515/session/9acebe68de3dae2f475516f110d4d1a5/url - {"url":"http://localhost:8080/exist/apps/hsg-shell/tags/all"}
RESULT: {"sessionId":"9acebe68de3dae2f475516f110d4d1a5","status":0,"value":null}
COMMAND: POST http://127.0.0.1:9515/session/9acebe68de3dae2f475516f110d4d1a5/element - {"using":"css selector","value":"#content-inner h1"}
RESULT: {"sessionId":"9acebe68de3dae2f475516f110d4d1a5","status":0,"value":{"ELEMENT":"0.6385217538207162-1"}}
COMMAND: GET http://127.0.0.1:9515/session/9acebe68de3dae2f475516f110d4d1a5/element/0.6385217538207162-1/text - {}
RESULT: {"sessionId":"9acebe68de3dae2f475516f110d4d1a5","status":0,"value":"All Tags"}
]]>
      </system-out>
    </testcase>
    <testcase classname="chrome.Each_Tags_subpage_should_be_displayed_and_subsequently" name="should_display_the_headline_Buchanan_James_P" time="0.249">
      <system-out>
        <![CDATA[
COMMAND: POST http://127.0.0.1:9515/session/9acebe68de3dae2f475516f110d4d1a5/url - {"url":"http://localhost:8080/exist/apps/hsg-shell/tags/buchanan-james-p"}
RESULT: {"sessionId":"9acebe68de3dae2f475516f110d4d1a5","status":0,"value":null}
COMMAND: POST http://127.0.0.1:9515/session/9acebe68de3dae2f475516f110d4d1a5/element - {"using":"css selector","value":"#content-inner h2"}
RESULT: {"sessionId":"9acebe68de3dae2f475516f110d4d1a5","status":0,"value":{"ELEMENT":"0.8095311018346558-1"}}
COMMAND: GET http://127.0.0.1:9515/session/9acebe68de3dae2f475516f110d4d1a5/element/0.8095311018346558-1/text - {}
RESULT: {"sessionId":"9acebe68de3dae2f475516f110d4d1a5","status":0,"value":"Buchanan, James (P)"}
]]>
      </system-out>
    </testcase>
    <testcase classname="chrome.Each_Tags_subpage_should_be_displayed_and_subsequently" name="should_display_the_headline_Secretaries_of_State" time="0.288">
      <system-out>
        <![CDATA[
COMMAND: POST http://127.0.0.1:9515/session/9acebe68de3dae2f475516f110d4d1a5/url - {"url":"http://localhost:8080/exist/apps/hsg-shell/tags/secretaries-of-state"}
RESULT: {"sessionId":"9acebe68de3dae2f475516f110d4d1a5","status":0,"value":null}
COMMAND: POST http://127.0.0.1:9515/session/9acebe68de3dae2f475516f110d4d1a5/element - {"using":"css selector","value":"#content-inner h2"}
RESULT: {"sessionId":"9acebe68de3dae2f475516f110d4d1a5","status":0,"value":{"ELEMENT":"0.42872522542425573-1"}}
COMMAND: GET http://127.0.0.1:9515/session/9acebe68de3dae2f475516f110d4d1a5/element/0.42872522542425573-1/text - {}
RESULT: {"sessionId":"9acebe68de3dae2f475516f110d4d1a5","status":0,"value":"Secretaries of State"}
]]>
      </system-out>
    </testcase>
    <testcase classname="chrome.Each_Tags_subpage_should_be_displayed_and_subsequently" name="should_display_the_headline_Jefferson_Thomas_S" time="0.218">
      <system-out>
        <![CDATA[
COMMAND: POST http://127.0.0.1:9515/session/9acebe68de3dae2f475516f110d4d1a5/url - {"url":"http://localhost:8080/exist/apps/hsg-shell/tags/jefferson-thomas-s"}
RESULT: {"sessionId":"9acebe68de3dae2f475516f110d4d1a5","status":0,"value":null}
COMMAND: POST http://127.0.0.1:9515/session/9acebe68de3dae2f475516f110d4d1a5/element - {"using":"css selector","value":"#content-inner h2"}
RESULT: {"sessionId":"9acebe68de3dae2f475516f110d4d1a5","status":0,"value":{"ELEMENT":"0.82718544553732-1"}}
COMMAND: GET http://127.0.0.1:9515/session/9acebe68de3dae2f475516f110d4d1a5/element/0.82718544553732-1/text - {}
RESULT: {"sessionId":"9acebe68de3dae2f475516f110d4d1a5","status":0,"value":"Jefferson, Thomas (S)"}
COMMAND: DELETE http://127.0.0.1:9515/session/9acebe68de3dae2f475516f110d4d1a5 - {}
RESULT: {"sessionId":"9acebe68de3dae2f475516f110d4d1a5","status":0,"value":null}
]]>
      </system-out>
    </testcase>
  </testsuite>
</testsuites>