<?xml version="1.0" encoding="UTF-8"?>
<testsuites>
  <testsuite name="FRUS_pages" timestamp="2020-01-27T18:11:52" time="4.574" tests="0" failures="0" errors="0" skipped="0">
    <properties>
      <property name="specId" value="b5a4eaeba355c51a4fcdf91541611991"/>
      <property name="suiteName" value="FRUS pages: "/>
      <property name="capabilities" value="chrome"/>
      <property name="file" value="./tests/specs/historical-documents/prod_frus_titles.spec.js"/>
    </properties>
  </testsuite>
  <testsuite name="Checking_the_dropdown_menu_Clicking_the_first_dropdown_item" timestamp="2020-01-27T18:11:53" time="0.446" tests="1" failures="0" errors="0" skipped="0">
    <properties>
      <property name="specId" value="b5a4eaeba355c51a4fcdf91541611991"/>
      <property name="suiteName" value="Checking the dropdown menu: Clicking the first dropdown item"/>
      <property name="capabilities" value="chrome"/>
      <property name="file" value="./tests/specs/historical-documents/prod_frus_titles.spec.js"/>
    </properties>
    <testcase classname="chrome.Checking_the_dropdown_menu_Clicking_the_first_dropdown_item" name="should_open_the_FRUS_landing_page_with_headline_Historical_Documents" time="0.069">
      <system-out>
        <![CDATA[
COMMAND: POST http://127.0.0.1:9515/session/2399c2a7937f299e5da43273a8736689/element - {"using":"css selector","value":"#content-inner h1"}
RESULT: {"sessionId":"2399c2a7937f299e5da43273a8736689","status":0,"value":{"ELEMENT":"0.984870214326927-1"}}
COMMAND: GET http://127.0.0.1:9515/session/2399c2a7937f299e5da43273a8736689/element/0.984870214326927-1/text - {}
RESULT: {"sessionId":"2399c2a7937f299e5da43273a8736689","status":0,"value":"Historical Documents"}
]]>
      </system-out>
    </testcase>
  </testsuite>
  <testsuite name="Each_FRUS_subpage_should_be_displayed_and_subsequently" timestamp="2020-01-27T18:11:54" time="2.708" tests="7" failures="0" errors="0" skipped="0">
    <properties>
      <property name="specId" value="b5a4eaeba355c51a4fcdf91541611991"/>
      <property name="suiteName" value="Each FRUS subpage should be displayed and subsequently"/>
      <property name="capabilities" value="chrome"/>
      <property name="file" value="./tests/specs/historical-documents/prod_frus_titles.spec.js"/>
    </properties>
    <testcase classname="chrome.Each_FRUS_subpage_should_be_displayed_and_subsequently" name="should_display_the_headline_Historical_Documents" time="0.187">
      <system-out>
        <![CDATA[
COMMAND: POST http://127.0.0.1:9515/session/2399c2a7937f299e5da43273a8736689/url - {"url":"http://localhost:8080/exist/apps/hsg-shell/historicaldocuments"}
RESULT: {"sessionId":"2399c2a7937f299e5da43273a8736689","status":0,"value":null}
COMMAND: POST http://127.0.0.1:9515/session/2399c2a7937f299e5da43273a8736689/element - {"using":"css selector","value":"#content-inner h1"}
RESULT: {"sessionId":"2399c2a7937f299e5da43273a8736689","status":0,"value":{"ELEMENT":"0.8724386181998103-1"}}
COMMAND: GET http://127.0.0.1:9515/session/2399c2a7937f299e5da43273a8736689/element/0.8724386181998103-1/text - {}
RESULT: {"sessionId":"2399c2a7937f299e5da43273a8736689","status":0,"value":"Historical Documents"}
]]>
      </system-out>
    </testcase>
    <testcase classname="chrome.Each_FRUS_subpage_should_be_displayed_and_subsequently" name="should_display_the_headline_About_the_Foreign_Relations_of_the_United_States_Series" time="0.229">
      <system-out>
        <![CDATA[
COMMAND: POST http://127.0.0.1:9515/session/2399c2a7937f299e5da43273a8736689/url - {"url":"http://localhost:8080/exist/apps/hsg-shell/historicaldocuments/about-frus"}
RESULT: {"sessionId":"2399c2a7937f299e5da43273a8736689","status":0,"value":null}
COMMAND: POST http://127.0.0.1:9515/session/2399c2a7937f299e5da43273a8736689/element - {"using":"css selector","value":"#content-inner h1"}
RESULT: {"sessionId":"2399c2a7937f299e5da43273a8736689","status":0,"value":{"ELEMENT":"0.7846962162362447-1"}}
COMMAND: GET http://127.0.0.1:9515/session/2399c2a7937f299e5da43273a8736689/element/0.7846962162362447-1/text - {}
RESULT: {"sessionId":"2399c2a7937f299e5da43273a8736689","status":0,"value":"About the Foreign Relations of the United States Series"}
]]>
      </system-out>
    </testcase>
    <testcase classname="chrome.Each_FRUS_subpage_should_be_displayed_and_subsequently" name="should_display_the_headline_Status_of_the_Foreign_Relations_of_the_United_States_Series" time="0.638">
      <system-out>
        <![CDATA[
COMMAND: POST http://127.0.0.1:9515/session/2399c2a7937f299e5da43273a8736689/url - {"url":"http://localhost:8080/exist/apps/hsg-shell/historicaldocuments/status-of-the-series"}
RESULT: {"sessionId":"2399c2a7937f299e5da43273a8736689","status":0,"value":null}
COMMAND: POST http://127.0.0.1:9515/session/2399c2a7937f299e5da43273a8736689/element - {"using":"css selector","value":"#content-inner h1"}
RESULT: {"sessionId":"2399c2a7937f299e5da43273a8736689","status":0,"value":{"ELEMENT":"0.8257609619596722-1"}}
COMMAND: GET http://127.0.0.1:9515/session/2399c2a7937f299e5da43273a8736689/element/0.8257609619596722-1/text - {}
RESULT: {"sessionId":"2399c2a7937f299e5da43273a8736689","status":0,"value":"Status of the Foreign Relations of the United States Series"}
]]>
      </system-out>
    </testcase>
    <testcase classname="chrome.Each_FRUS_subpage_should_be_displayed_and_subsequently" name="should_display_the_headline_h1_is_currently_empty" time="0.671">
      <system-out>
        <![CDATA[
COMMAND: POST http://127.0.0.1:9515/session/2399c2a7937f299e5da43273a8736689/url - {"url":"http://localhost:8080/exist/apps/hsg-shell/historicaldocuments/frus-history"}
RESULT: {"sessionId":"2399c2a7937f299e5da43273a8736689","status":0,"value":null}
COMMAND: POST http://127.0.0.1:9515/session/2399c2a7937f299e5da43273a8736689/element - {"using":"css selector","value":"#content-inner h1"}
RESULT: {"sessionId":"2399c2a7937f299e5da43273a8736689","status":0,"value":{"ELEMENT":"0.46231255776476887-1"}}
COMMAND: GET http://127.0.0.1:9515/session/2399c2a7937f299e5da43273a8736689/element/0.46231255776476887-1/text - {}
RESULT: {"sessionId":"2399c2a7937f299e5da43273a8736689","status":0,"value":""}
]]>
      </system-out>
    </testcase>
    <testcase classname="chrome.Each_FRUS_subpage_should_be_displayed_and_subsequently" name="should_display_the_headline_Ebooks" time="0.413">
      <system-out>
        <![CDATA[
COMMAND: POST http://127.0.0.1:9515/session/2399c2a7937f299e5da43273a8736689/url - {"url":"http://localhost:8080/exist/apps/hsg-shell/historicaldocuments/ebooks"}
RESULT: {"sessionId":"2399c2a7937f299e5da43273a8736689","status":0,"value":null}
COMMAND: POST http://127.0.0.1:9515/session/2399c2a7937f299e5da43273a8736689/element - {"using":"css selector","value":"#content-inner h2"}
RESULT: {"sessionId":"2399c2a7937f299e5da43273a8736689","status":0,"value":{"ELEMENT":"0.4043136226329156-1"}}
COMMAND: GET http://127.0.0.1:9515/session/2399c2a7937f299e5da43273a8736689/element/0.4043136226329156-1/text - {}
RESULT: {"sessionId":"2399c2a7937f299e5da43273a8736689","status":0,"value":"Ebooks"}
]]>
      </system-out>
    </testcase>
    <testcase classname="chrome.Each_FRUS_subpage_should_be_displayed_and_subsequently" name="should_display_the_headline_Quarterly_Releases" time="0.268">
      <system-out>
        <![CDATA[
COMMAND: POST http://127.0.0.1:9515/session/2399c2a7937f299e5da43273a8736689/url - {"url":"http://localhost:8080/exist/apps/hsg-shell/historicaldocuments/quarterly-releases"}
RESULT: {"sessionId":"2399c2a7937f299e5da43273a8736689","status":0,"value":null}
COMMAND: POST http://127.0.0.1:9515/session/2399c2a7937f299e5da43273a8736689/element - {"using":"css selector","value":"#content-inner h2"}
RESULT: {"sessionId":"2399c2a7937f299e5da43273a8736689","status":0,"value":{"ELEMENT":"0.574855242787677-1"}}
COMMAND: GET http://127.0.0.1:9515/session/2399c2a7937f299e5da43273a8736689/element/0.574855242787677-1/text - {}
RESULT: {"sessionId":"2399c2a7937f299e5da43273a8736689","status":0,"value":"Quarterly Releases"}
]]>
      </system-out>
    </testcase>
    <testcase classname="chrome.Each_FRUS_subpage_should_be_displayed_and_subsequently" name="should_display_the_headline_Citing_the_Foreign_Relations_series" time="0.297">
      <system-out>
        <![CDATA[
COMMAND: POST http://127.0.0.1:9515/session/2399c2a7937f299e5da43273a8736689/url - {"url":"http://localhost:8080/exist/apps/hsg-shell/historicaldocuments/citing-frus"}
RESULT: {"sessionId":"2399c2a7937f299e5da43273a8736689","status":0,"value":null}
COMMAND: POST http://127.0.0.1:9515/session/2399c2a7937f299e5da43273a8736689/element - {"using":"css selector","value":"#content-inner h1"}
RESULT: {"sessionId":"2399c2a7937f299e5da43273a8736689","status":0,"value":{"ELEMENT":"0.505082374494424-1"}}
COMMAND: GET http://127.0.0.1:9515/session/2399c2a7937f299e5da43273a8736689/element/0.505082374494424-1/text - {}
RESULT: {"sessionId":"2399c2a7937f299e5da43273a8736689","status":0,"value":"Citing the Foreign Relations series"}
COMMAND: DELETE http://127.0.0.1:9515/session/2399c2a7937f299e5da43273a8736689 - {}
RESULT: {"sessionId":"2399c2a7937f299e5da43273a8736689","status":0,"value":null}
]]>
      </system-out>
    </testcase>
  </testsuite>
</testsuites>