<?xml version="1.0" encoding="UTF-8"?>
<testsuites>
  <testsuite name="Developer_pages" timestamp="2020-01-27T18:11:35" time="1.383" tests="0" failures="0" errors="0" skipped="0">
    <properties>
      <property name="specId" value="6d4883485547fa231515bfe67e49ea9b"/>
      <property name="suiteName" value="Developer pages: "/>
      <property name="capabilities" value="chrome"/>
      <property name="file" value="./tests/specs/developer/prod_developer_titles.spec.js"/>
    </properties>
  </testsuite>
  <testsuite name="Each_Developer_subpage_should_be_displayed_and_subsequently" timestamp="2020-01-27T18:11:35" time="1.383" tests="2" failures="0" errors="0" skipped="0">
    <properties>
      <property name="specId" value="6d4883485547fa231515bfe67e49ea9b"/>
      <property name="suiteName" value="Each &quot;Developer&quot; subpage should be displayed and subsequently"/>
      <property name="capabilities" value="chrome"/>
      <property name="file" value="./tests/specs/developer/prod_developer_titles.spec.js"/>
    </properties>
    <testcase classname="chrome.Each_Developer_subpage_should_be_displayed_and_subsequently" name="should_display_the_headline_Developer_Resources" time="1.145">
      <system-out>
        <![CDATA[
COMMAND: POST http://127.0.0.1:9515/session/88155a9208f8b0b492db21a18992112a/url - {"url":"http://localhost:8080/exist/apps/hsg-shell/developer"}
RESULT: {"sessionId":"88155a9208f8b0b492db21a18992112a","status":0,"value":null}
COMMAND: POST http://127.0.0.1:9515/session/88155a9208f8b0b492db21a18992112a/element - {"using":"css selector","value":"#content-inner h1"}
RESULT: {"sessionId":"88155a9208f8b0b492db21a18992112a","status":0,"value":{"ELEMENT":"0.8133399719820908-1"}}
COMMAND: GET http://127.0.0.1:9515/session/88155a9208f8b0b492db21a18992112a/element/0.8133399719820908-1/text - {}
RESULT: {"sessionId":"88155a9208f8b0b492db21a18992112a","status":0,"value":"Developer Resources"}
]]>
      </system-out>
    </testcase>
    <testcase classname="chrome.Each_Developer_subpage_should_be_displayed_and_subsequently" name="should_display_the_headline_Office_of_the_Historian_Ebook_Catalog_API" time="0.235">
      <system-out>
        <![CDATA[
COMMAND: POST http://127.0.0.1:9515/session/88155a9208f8b0b492db21a18992112a/url - {"url":"http://localhost:8080/exist/apps/hsg-shell/developer/catalog"}
RESULT: {"sessionId":"88155a9208f8b0b492db21a18992112a","status":0,"value":null}
COMMAND: POST http://127.0.0.1:9515/session/88155a9208f8b0b492db21a18992112a/element - {"using":"css selector","value":"#content-inner h1"}
RESULT: {"sessionId":"88155a9208f8b0b492db21a18992112a","status":0,"value":{"ELEMENT":"0.2346582207849972-1"}}
COMMAND: GET http://127.0.0.1:9515/session/88155a9208f8b0b492db21a18992112a/element/0.2346582207849972-1/text - {}
RESULT: {"sessionId":"88155a9208f8b0b492db21a18992112a","status":0,"value":"Office of the Historian Ebook Catalog API"}
COMMAND: DELETE http://127.0.0.1:9515/session/88155a9208f8b0b492db21a18992112a - {}
RESULT: {"sessionId":"88155a9208f8b0b492db21a18992112a","status":0,"value":null}
]]>
      </system-out>
    </testcase>
  </testsuite>
</testsuites>