<?xml version="1.0" encoding="UTF-8"?>
<testsuites>
  <testsuite name="Open_Government_Initiative_pages" timestamp="2020-01-27T18:12:15" time="1.517" tests="0" failures="0" errors="0" skipped="0">
    <properties>
      <property name="specId" value="7c1cd42834481d1c0a55f3b6db1e217f"/>
      <property name="suiteName" value="Open Government Initiative pages: "/>
      <property name="capabilities" value="chrome"/>
      <property name="file" value="./tests/specs/open/prod_open_titles.spec.js"/>
    </properties>
  </testsuite>
  <testsuite name="Each_Open_page_should_be_displayed_and_subsequently" timestamp="2020-01-27T18:12:15" time="1.517" tests="3" failures="0" errors="0" skipped="0">
    <properties>
      <property name="specId" value="7c1cd42834481d1c0a55f3b6db1e217f"/>
      <property name="suiteName" value="Each &quot;Open&quot; page should be displayed and subsequently"/>
      <property name="capabilities" value="chrome"/>
      <property name="file" value="./tests/specs/open/prod_open_titles.spec.js"/>
    </properties>
    <testcase classname="chrome.Each_Open_page_should_be_displayed_and_subsequently" name="should_display_the_headline_Open_Government_Initiative" time="1.08">
      <system-out>
        <![CDATA[
COMMAND: POST http://127.0.0.1:9515/session/3bd36a91a7e7e2a3e30684dbe5ed6e45/url - {"url":"http://localhost:8080/exist/apps/hsg-shell/open"}
RESULT: {"sessionId":"3bd36a91a7e7e2a3e30684dbe5ed6e45","status":0,"value":null}
COMMAND: POST http://127.0.0.1:9515/session/3bd36a91a7e7e2a3e30684dbe5ed6e45/element - {"using":"css selector","value":"#content-inner h1"}
RESULT: {"sessionId":"3bd36a91a7e7e2a3e30684dbe5ed6e45","status":0,"value":{"ELEMENT":"0.31932096647722674-1"}}
COMMAND: GET http://127.0.0.1:9515/session/3bd36a91a7e7e2a3e30684dbe5ed6e45/element/0.31932096647722674-1/text - {}
RESULT: {"sessionId":"3bd36a91a7e7e2a3e30684dbe5ed6e45","status":0,"value":"Open Government Initiative"}
]]>
      </system-out>
    </testcase>
    <testcase classname="chrome.Each_Open_page_should_be_displayed_and_subsequently" name="should_display_the_headline_Bibliographic_Metadata_of_the_Foreign_Relations_of_the_United_States_Series" time="0.231">
      <system-out>
        <![CDATA[
COMMAND: POST http://127.0.0.1:9515/session/3bd36a91a7e7e2a3e30684dbe5ed6e45/url - {"url":"http://localhost:8080/exist/apps/hsg-shell/open/frus-metadata"}
RESULT: {"sessionId":"3bd36a91a7e7e2a3e30684dbe5ed6e45","status":0,"value":null}
COMMAND: POST http://127.0.0.1:9515/session/3bd36a91a7e7e2a3e30684dbe5ed6e45/element - {"using":"css selector","value":"#content-inner h1"}
RESULT: {"sessionId":"3bd36a91a7e7e2a3e30684dbe5ed6e45","status":0,"value":{"ELEMENT":"0.09359675219765928-1"}}
COMMAND: GET http://127.0.0.1:9515/session/3bd36a91a7e7e2a3e30684dbe5ed6e45/element/0.09359675219765928-1/text - {}
RESULT: {"sessionId":"3bd36a91a7e7e2a3e30684dbe5ed6e45","status":0,"value":"Bibliographic Metadata of the Foreign Relations of the United States Series"}
]]>
      </system-out>
    </testcase>
    <testcase classname="chrome.Each_Open_page_should_be_displayed_and_subsequently" name="should_display_the_headline_Latest_Volumes_of_Foreign_Relations_of_the_United_States_Series" time="0.203">
      <system-out>
        <![CDATA[
COMMAND: POST http://127.0.0.1:9515/session/3bd36a91a7e7e2a3e30684dbe5ed6e45/url - {"url":"http://localhost:8080/exist/apps/hsg-shell/open/frus-latest"}
RESULT: {"sessionId":"3bd36a91a7e7e2a3e30684dbe5ed6e45","status":0,"value":null}
COMMAND: POST http://127.0.0.1:9515/session/3bd36a91a7e7e2a3e30684dbe5ed6e45/element - {"using":"css selector","value":"#content-inner h1"}
RESULT: {"sessionId":"3bd36a91a7e7e2a3e30684dbe5ed6e45","status":0,"value":{"ELEMENT":"0.795288166067667-1"}}
COMMAND: GET http://127.0.0.1:9515/session/3bd36a91a7e7e2a3e30684dbe5ed6e45/element/0.795288166067667-1/text - {}
RESULT: {"sessionId":"3bd36a91a7e7e2a3e30684dbe5ed6e45","status":0,"value":"Latest Volumes of Foreign Relations of the United States Series"}
COMMAND: DELETE http://127.0.0.1:9515/session/3bd36a91a7e7e2a3e30684dbe5ed6e45 - {}
RESULT: {"sessionId":"3bd36a91a7e7e2a3e30684dbe5ed6e45","status":0,"value":null}
]]>
      </system-out>
    </testcase>
  </testsuite>
</testsuites>