<?xml version="1.0" encoding="UTF-8"?>
<testsuites>
  <testsuite name="HSG_landing_page" timestamp="2020-01-27T18:11:59" time="1.261" tests="1" failures="0" errors="0" skipped="0">
    <properties>
      <property name="specId" value="8064b53f0e756d9faad00c572e308be3"/>
      <property name="suiteName" value="HSG landing page"/>
      <property name="capabilities" value="chrome"/>
      <property name="file" value="./tests/specs/landing/prod_landing_title.spec.js"/>
    </properties>
    <testcase classname="chrome.HSG_landing_page" name="should_have_the_correct_title" time="1.256">
      <system-out>
        <![CDATA[
COMMAND: POST http://127.0.0.1:9515/session/3ae9c25094b84c1d7f83b971e471d1b7/url - {"url":"http://localhost:8080/exist/apps/hsg-shell/"}
RESULT: {"sessionId":"3ae9c25094b84c1d7f83b971e471d1b7","status":0,"value":null}
COMMAND: GET http://127.0.0.1:9515/session/3ae9c25094b84c1d7f83b971e471d1b7/title - {}
RESULT: {"sessionId":"3ae9c25094b84c1d7f83b971e471d1b7","status":0,"value":"Office of the Historian"}
COMMAND: DELETE http://127.0.0.1:9515/session/3ae9c25094b84c1d7f83b971e471d1b7 - {}
RESULT: {"sessionId":"3ae9c25094b84c1d7f83b971e471d1b7","status":0,"value":null}
]]>
      </system-out>
    </testcase>
  </testsuite>
</testsuites>